<?xml version="1.0" encoding="UTF-8"?>
<testsuite name="test.TestTest" tests="4" skipped="0" failures="0" errors="0" timestamp="2016-06-22T10:42:45" hostname="Lukas-TP-Win8" time="0.006">
  <properties/>
  <testcase name="testeTestklasse3" classname="test.TestTest" time="0.004"/>
  <testcase name="testeTestklasse2" classname="test.TestTest" time="0.0"/>
  <testcase name="testeTestklasse1" classname="test.TestTest" time="0.0"/>
  <testcase name="failingTestTestklasse" classname="test.TestTest" time="0.0"/>
  <system-out><![CDATA[]]></system-out>
  <system-err><![CDATA[]]></system-err>
</testsuite>
