<?xml version="1.0" encoding="UTF-8"?>
<testsuite name="test.TestTest" tests="4" skipped="0" failures="0" errors="0" timestamp="2016-06-22T10:53:11" hostname="Plattes-Possum" time="0.007">
  <properties/>
  <testcase name="testeTestklasse1" classname="test.TestTest" time="0.005"/>
  <testcase name="failingTestTestklasse" classname="test.TestTest" time="0.0"/>
  <testcase name="testeTestklasse2" classname="test.TestTest" time="0.0"/>
  <testcase name="testeTestklasse3" classname="test.TestTest" time="0.0"/>
  <system-out><![CDATA[]]></system-out>
  <system-err><![CDATA[]]></system-err>
</testsuite>
